07/07/2024 14:50:55 - INFO - SimCSE -   --------args----------
07/07/2024 14:50:55 - INFO - SimCSE -   train_file: ./data/English_train.txt
07/07/2024 14:50:55 - INFO - SimCSE -   PTM_root_path: ./PretrainedLM
07/07/2024 14:50:55 - INFO - SimCSE -   pretrained: bert-base-uncased
07/07/2024 14:50:55 - INFO - SimCSE -   num_proc: 5
07/07/2024 14:50:55 - INFO - SimCSE -   max_length: 64
07/07/2024 14:50:55 - INFO - SimCSE -   batch_size: 32
07/07/2024 14:50:55 - INFO - SimCSE -   epochs: 2
07/07/2024 14:50:55 - INFO - SimCSE -   learning_rate: 5e-06
07/07/2024 14:50:55 - INFO - SimCSE -   tau: 0.05
07/07/2024 14:50:55 - INFO - SimCSE -   display_interval: 50
07/07/2024 14:50:55 - INFO - SimCSE -   save_final: True
07/07/2024 14:50:55 - INFO - SimCSE -   pool_type: cls
07/07/2024 14:50:55 - INFO - SimCSE -   dropout_rate: 0.1
07/07/2024 14:50:55 - INFO - SimCSE -   n_gpu: 1
07/07/2024 14:50:55 - INFO - SimCSE -   --------args----------

07/07/2024 14:51:01 - INFO - SimCSE -   The size of dataset: 373156
07/07/2024 14:52:18 - INFO - SimCSE -   batch_idx: 50, loss:   0.029480
07/07/2024 14:52:38 - INFO - SimCSE -   batch_idx: 100, loss:   0.015973
07/07/2024 14:52:58 - INFO - SimCSE -   batch_idx: 150, loss:   0.012048
07/07/2024 14:53:18 - INFO - SimCSE -   batch_idx: 200, loss:   0.005049
07/07/2024 14:53:39 - INFO - SimCSE -   batch_idx: 250, loss:   0.005500
07/07/2024 14:53:59 - INFO - SimCSE -   batch_idx: 300, loss:   0.005170
07/07/2024 14:54:19 - INFO - SimCSE -   batch_idx: 350, loss:   0.002340
07/07/2024 14:54:39 - INFO - SimCSE -   batch_idx: 400, loss:   0.001771
07/07/2024 14:55:00 - INFO - SimCSE -   batch_idx: 450, loss:   0.002993
07/07/2024 14:55:21 - INFO - SimCSE -   batch_idx: 500, loss:   0.001906
07/07/2024 14:55:41 - INFO - SimCSE -   batch_idx: 550, loss:   0.000955
07/07/2024 14:56:01 - INFO - SimCSE -   batch_idx: 600, loss:   0.002287
07/07/2024 14:56:21 - INFO - SimCSE -   batch_idx: 650, loss:   0.000982
07/07/2024 14:56:41 - INFO - SimCSE -   batch_idx: 700, loss:   0.004945
07/07/2024 14:57:02 - INFO - SimCSE -   batch_idx: 750, loss:   0.001167
07/07/2024 14:57:22 - INFO - SimCSE -   batch_idx: 800, loss:   0.003321
07/07/2024 14:57:42 - INFO - SimCSE -   batch_idx: 850, loss:   0.001603
07/07/2024 14:58:02 - INFO - SimCSE -   batch_idx: 900, loss:   0.002356
07/07/2024 14:58:22 - INFO - SimCSE -   batch_idx: 950, loss:   0.000510
07/07/2024 14:58:43 - INFO - SimCSE -   batch_idx: 1000, loss:   0.001070
07/07/2024 14:59:04 - INFO - SimCSE -   batch_idx: 1050, loss:   0.002196
07/07/2024 14:59:24 - INFO - SimCSE -   batch_idx: 1100, loss:   0.000574
07/07/2024 14:59:44 - INFO - SimCSE -   batch_idx: 1150, loss:   0.000637
07/07/2024 15:00:04 - INFO - SimCSE -   batch_idx: 1200, loss:   0.000874
07/07/2024 15:00:26 - INFO - SimCSE -   batch_idx: 1250, loss:   0.000411
07/07/2024 15:00:47 - INFO - SimCSE -   batch_idx: 1300, loss:   0.000772
07/07/2024 15:01:08 - INFO - SimCSE -   batch_idx: 1350, loss:   0.001825
07/07/2024 15:01:29 - INFO - SimCSE -   batch_idx: 1400, loss:   0.000763
07/07/2024 15:01:50 - INFO - SimCSE -   batch_idx: 1450, loss:   0.000756
07/07/2024 15:02:10 - INFO - SimCSE -   batch_idx: 1500, loss:   0.000406
07/07/2024 15:02:31 - INFO - SimCSE -   batch_idx: 1550, loss:   0.000458
07/07/2024 15:02:51 - INFO - SimCSE -   batch_idx: 1600, loss:   0.000479
07/07/2024 15:03:11 - INFO - SimCSE -   batch_idx: 1650, loss:   0.000612
07/07/2024 15:03:31 - INFO - SimCSE -   batch_idx: 1700, loss:   0.000468
07/07/2024 15:03:51 - INFO - SimCSE -   batch_idx: 1750, loss:   0.000771
07/07/2024 15:04:11 - INFO - SimCSE -   batch_idx: 1800, loss:   0.000293
07/07/2024 15:04:32 - INFO - SimCSE -   batch_idx: 1850, loss:   0.001030
07/07/2024 15:04:52 - INFO - SimCSE -   batch_idx: 1900, loss:   0.000475
07/07/2024 15:05:12 - INFO - SimCSE -   batch_idx: 1950, loss:   0.000244
07/07/2024 15:05:32 - INFO - SimCSE -   batch_idx: 2000, loss:   0.000546
07/07/2024 15:05:52 - INFO - SimCSE -   batch_idx: 2050, loss:   0.000223
07/07/2024 15:06:13 - INFO - SimCSE -   batch_idx: 2100, loss:   0.000309
07/07/2024 15:06:33 - INFO - SimCSE -   batch_idx: 2150, loss:   0.000393
07/07/2024 15:06:53 - INFO - SimCSE -   batch_idx: 2200, loss:   0.000677
07/07/2024 15:07:13 - INFO - SimCSE -   batch_idx: 2250, loss:   0.000168
07/07/2024 15:07:33 - INFO - SimCSE -   batch_idx: 2300, loss:   0.000172
07/07/2024 15:07:54 - INFO - SimCSE -   batch_idx: 2350, loss:   0.000535
07/07/2024 15:08:14 - INFO - SimCSE -   batch_idx: 2400, loss:   0.000147
07/07/2024 15:08:35 - INFO - SimCSE -   batch_idx: 2450, loss:   0.000398
07/07/2024 15:08:55 - INFO - SimCSE -   batch_idx: 2500, loss:   0.000236
07/07/2024 15:09:15 - INFO - SimCSE -   batch_idx: 2550, loss:   0.000172
07/07/2024 15:09:36 - INFO - SimCSE -   batch_idx: 2600, loss:   0.000382
07/07/2024 15:09:56 - INFO - SimCSE -   batch_idx: 2650, loss:   0.000428
07/07/2024 15:10:16 - INFO - SimCSE -   batch_idx: 2700, loss:   0.000236
07/07/2024 15:10:36 - INFO - SimCSE -   batch_idx: 2750, loss:   0.000248
07/07/2024 15:10:57 - INFO - SimCSE -   batch_idx: 2800, loss:   0.000539
07/07/2024 15:11:17 - INFO - SimCSE -   batch_idx: 2850, loss:   0.000481
07/07/2024 15:11:37 - INFO - SimCSE -   batch_idx: 2900, loss:   0.000183
07/07/2024 15:11:58 - INFO - SimCSE -   batch_idx: 2950, loss:   0.000247
07/07/2024 15:12:18 - INFO - SimCSE -   batch_idx: 3000, loss:   0.000234
07/07/2024 15:12:38 - INFO - SimCSE -   batch_idx: 3050, loss:   0.000244
07/07/2024 15:12:59 - INFO - SimCSE -   batch_idx: 3100, loss:   0.000356
07/07/2024 15:13:20 - INFO - SimCSE -   batch_idx: 3150, loss:   0.000282
07/07/2024 15:13:43 - INFO - SimCSE -   batch_idx: 3200, loss:   0.000419
07/07/2024 15:14:04 - INFO - SimCSE -   batch_idx: 3250, loss:   0.000308
07/07/2024 15:14:24 - INFO - SimCSE -   batch_idx: 3300, loss:   0.000469
07/07/2024 15:14:44 - INFO - SimCSE -   batch_idx: 3350, loss:   0.000115
07/07/2024 15:15:05 - INFO - SimCSE -   batch_idx: 3400, loss:   0.000221
07/07/2024 15:15:25 - INFO - SimCSE -   batch_idx: 3450, loss:   0.000230
07/07/2024 15:15:45 - INFO - SimCSE -   batch_idx: 3500, loss:   0.000203
07/07/2024 15:16:05 - INFO - SimCSE -   batch_idx: 3550, loss:   0.000195
07/07/2024 15:16:25 - INFO - SimCSE -   batch_idx: 3600, loss:   0.000116
07/07/2024 15:16:45 - INFO - SimCSE -   batch_idx: 3650, loss:   0.000216
07/07/2024 15:17:05 - INFO - SimCSE -   batch_idx: 3700, loss:   0.000129
07/07/2024 15:17:25 - INFO - SimCSE -   batch_idx: 3750, loss:   0.000186
07/07/2024 15:17:45 - INFO - SimCSE -   batch_idx: 3800, loss:   0.000180
07/07/2024 15:18:05 - INFO - SimCSE -   batch_idx: 3850, loss:   0.000248
07/07/2024 15:18:25 - INFO - SimCSE -   batch_idx: 3900, loss:   0.000102
07/07/2024 15:18:45 - INFO - SimCSE -   batch_idx: 3950, loss:   0.000240
07/07/2024 15:19:05 - INFO - SimCSE -   batch_idx: 4000, loss:   0.000158
07/07/2024 15:19:26 - INFO - SimCSE -   batch_idx: 4050, loss:   0.000084
07/07/2024 15:19:46 - INFO - SimCSE -   batch_idx: 4100, loss:   0.000371
07/07/2024 15:20:07 - INFO - SimCSE -   batch_idx: 4150, loss:   0.000156
07/07/2024 15:20:27 - INFO - SimCSE -   batch_idx: 4200, loss:   0.000153
07/07/2024 15:20:48 - INFO - SimCSE -   batch_idx: 4250, loss:   0.000124
07/07/2024 15:21:08 - INFO - SimCSE -   batch_idx: 4300, loss:   0.000092
07/07/2024 15:21:28 - INFO - SimCSE -   batch_idx: 4350, loss:   0.000163
07/07/2024 15:21:49 - INFO - SimCSE -   batch_idx: 4400, loss:   0.000501
07/07/2024 15:22:09 - INFO - SimCSE -   batch_idx: 4450, loss:   0.000115
07/07/2024 15:22:29 - INFO - SimCSE -   batch_idx: 4500, loss:   0.000145
07/07/2024 15:22:50 - INFO - SimCSE -   batch_idx: 4550, loss:   0.000090
07/07/2024 15:23:10 - INFO - SimCSE -   batch_idx: 4600, loss:   0.000095
07/07/2024 15:23:31 - INFO - SimCSE -   batch_idx: 4650, loss:   0.000079
